This is pdfTeX, Version 3.1415926-2.5-1.40.14 (TeX Live 2013) (format=pdflatex 2013.5.30)  8 MAY 2015 14:16
entering extended mode
 restricted \write18 enabled.
 file:line:error style messages enabled.
 %&-line parsing enabled.
**project1.tex
(./project1.tex
LaTeX2e <2011/06/27>
Babel <3.9f> and hyphenation patterns for 78 languages loaded.
(/usr/local/texlive/2013/texmf-dist/tex/latex/base/article.cls
Document Class: article 2007/10/19 v1.4h Standard LaTeX document class
(/usr/local/texlive/2013/texmf-dist/tex/latex/base/size10.clo
File: size10.clo 2007/10/19 v1.4h Standard LaTeX file (size option)
)
\c@part=\count79
\c@section=\count80
\c@subsection=\count81
\c@subsubsection=\count82
\c@paragraph=\count83
\c@subparagraph=\count84
\c@figure=\count85
\c@table=\count86
\abovecaptionskip=\skip41
\belowcaptionskip=\skip42
\bibindent=\dimen102
)
(/usr/local/texlive/2013/texmf-dist/tex/latex/graphics/graphicx.sty
Package: graphicx 1999/02/16 v1.0f Enhanced LaTeX Graphics (DPC,SPQR)

(/usr/local/texlive/2013/texmf-dist/tex/latex/graphics/keyval.sty
Package: keyval 1999/03/16 v1.13 key=value parser (DPC)
\KV@toks@=\toks14
)
(/usr/local/texlive/2013/texmf-dist/tex/latex/graphics/graphics.sty
Package: graphics 2009/02/05 v1.0o Standard LaTeX Graphics (DPC,SPQR)

(/usr/local/texlive/2013/texmf-dist/tex/latex/graphics/trig.sty
Package: trig 1999/03/16 v1.09 sin cos tan (DPC)
)
(/usr/local/texlive/2013/texmf-dist/tex/latex/latexconfig/graphics.cfg
File: graphics.cfg 2010/04/23 v1.9 graphics configuration of TeX Live
)
Package graphics Info: Driver file: pdftex.def on input line 91.

(/usr/local/texlive/2013/texmf-dist/tex/latex/pdftex-def/pdftex.def
File: pdftex.def 2011/05/27 v0.06d Graphics/color for pdfTeX

(/usr/local/texlive/2013/texmf-dist/tex/generic/oberdiek/infwarerr.sty
Package: infwarerr 2010/04/08 v1.3 Providing info/warning/error messages (HO)
)
(/usr/local/texlive/2013/texmf-dist/tex/generic/oberdiek/ltxcmds.sty
Package: ltxcmds 2011/11/09 v1.22 LaTeX kernel commands for general use (HO)
)
\Gread@gobject=\count87
))
\Gin@req@height=\dimen103
\Gin@req@width=\dimen104
)
(/usr/local/texlive/2013/texmf-dist/tex/latex/listings/listings.sty
\lst@mode=\count88
\lst@gtempboxa=\box26
\lst@token=\toks15
\lst@length=\count89
\lst@currlwidth=\dimen105
\lst@column=\count90
\lst@pos=\count91
\lst@lostspace=\dimen106
\lst@width=\dimen107
\lst@newlines=\count92
\lst@lineno=\count93
\lst@maxwidth=\dimen108

(/usr/local/texlive/2013/texmf-dist/tex/latex/listings/lstmisc.sty
File: lstmisc.sty 2007/02/22 1.4 (Carsten Heinz)
\c@lstnumber=\count94
\lst@skipnumbers=\count95
\lst@framebox=\box27
)
(/usr/local/texlive/2013/texmf-dist/tex/latex/listings/listings.cfg
File: listings.cfg 2007/02/22 1.4 listings configuration
))
Package: listings 2007/02/22 1.4 (Carsten Heinz)

(/usr/local/texlive/2013/texmf-dist/tex/latex/amsmath/amsmath.sty
Package: amsmath 2013/01/14 v2.14 AMS math features
\@mathmargin=\skip43

For additional information on amsmath, use the `?' option.
(/usr/local/texlive/2013/texmf-dist/tex/latex/amsmath/amstext.sty
Package: amstext 2000/06/29 v2.01

(/usr/local/texlive/2013/texmf-dist/tex/latex/amsmath/amsgen.sty
File: amsgen.sty 1999/11/30 v2.0
\@emptytoks=\toks16
\ex@=\dimen109
))
(/usr/local/texlive/2013/texmf-dist/tex/latex/amsmath/amsbsy.sty
Package: amsbsy 1999/11/29 v1.2d
\pmbraise@=\dimen110
)
(/usr/local/texlive/2013/texmf-dist/tex/latex/amsmath/amsopn.sty
Package: amsopn 1999/12/14 v2.01 operator names
)
\inf@bad=\count96
LaTeX Info: Redefining \frac on input line 210.
\uproot@=\count97
\leftroot@=\count98
LaTeX Info: Redefining \overline on input line 306.
\classnum@=\count99
\DOTSCASE@=\count100
LaTeX Info: Redefining \ldots on input line 378.
LaTeX Info: Redefining \dots on input line 381.
LaTeX Info: Redefining \cdots on input line 466.
\Mathstrutbox@=\box28
\strutbox@=\box29
\big@size=\dimen111
LaTeX Font Info:    Redeclaring font encoding OML on input line 566.
LaTeX Font Info:    Redeclaring font encoding OMS on input line 567.
\macc@depth=\count101
\c@MaxMatrixCols=\count102
\dotsspace@=\muskip10
\c@parentequation=\count103
\dspbrk@lvl=\count104
\tag@help=\toks17
\row@=\count105
\column@=\count106
\maxfields@=\count107
\andhelp@=\toks18
\eqnshift@=\dimen112
\alignsep@=\dimen113
\tagshift@=\dimen114
\tagwidth@=\dimen115
\totwidth@=\dimen116
\lineht@=\dimen117
\@envbody=\toks19
\multlinegap=\skip44
\multlinetaggap=\skip45
\mathdisplay@stack=\toks20
LaTeX Info: Redefining \[ on input line 2665.
LaTeX Info: Redefining \] on input line 2666.
)
(./project1.aux)
\openout1 = `project1.aux'.

LaTeX Font Info:    Checking defaults for OML/cmm/m/it on input line 10.
LaTeX Font Info:    ... okay on input line 10.
LaTeX Font Info:    Checking defaults for T1/cmr/m/n on input line 10.
LaTeX Font Info:    ... okay on input line 10.
LaTeX Font Info:    Checking defaults for OT1/cmr/m/n on input line 10.
LaTeX Font Info:    ... okay on input line 10.
LaTeX Font Info:    Checking defaults for OMS/cmsy/m/n on input line 10.
LaTeX Font Info:    ... okay on input line 10.
LaTeX Font Info:    Checking defaults for OMX/cmex/m/n on input line 10.
LaTeX Font Info:    ... okay on input line 10.
LaTeX Font Info:    Checking defaults for U/cmr/m/n on input line 10.
LaTeX Font Info:    ... okay on input line 10.

(/usr/local/texlive/2013/texmf-dist/tex/context/base/supp-pdf.mkii
[Loading MPS to PDF converter (version 2006.09.02).]
\scratchcounter=\count108
\scratchdimen=\dimen118
\scratchbox=\box30
\nofMPsegments=\count109
\nofMParguments=\count110
\everyMPshowfont=\toks21
\MPscratchCnt=\count111
\MPscratchDim=\dimen119
\MPnumerator=\count112
\makeMPintoPDFobject=\count113
\everyMPtoPDFconversion=\toks22
) (/usr/local/texlive/2013/texmf-dist/tex/generic/oberdiek/pdftexcmds.sty
Package: pdftexcmds 2011/11/29 v0.20 Utility functions of pdfTeX for LuaTeX (HO
)

(/usr/local/texlive/2013/texmf-dist/tex/generic/oberdiek/ifluatex.sty
Package: ifluatex 2010/03/01 v1.3 Provides the ifluatex switch (HO)
Package ifluatex Info: LuaTeX not detected.
)
(/usr/local/texlive/2013/texmf-dist/tex/generic/oberdiek/ifpdf.sty
Package: ifpdf 2011/01/30 v2.3 Provides the ifpdf switch (HO)
Package ifpdf Info: pdfTeX in PDF mode is detected.
)
Package pdftexcmds Info: LuaTeX not detected.
Package pdftexcmds Info: \pdf@primitive is available.
Package pdftexcmds Info: \pdf@ifprimitive is available.
Package pdftexcmds Info: \pdfdraftmode found.
)
(/usr/local/texlive/2013/texmf-dist/tex/latex/oberdiek/epstopdf-base.sty
Package: epstopdf-base 2010/02/09 v2.5 Base part for package epstopdf

(/usr/local/texlive/2013/texmf-dist/tex/latex/oberdiek/grfext.sty
Package: grfext 2010/08/19 v1.1 Manage graphics extensions (HO)

(/usr/local/texlive/2013/texmf-dist/tex/generic/oberdiek/kvdefinekeys.sty
Package: kvdefinekeys 2011/04/07 v1.3 Define keys (HO)
))
(/usr/local/texlive/2013/texmf-dist/tex/latex/oberdiek/kvoptions.sty
Package: kvoptions 2011/06/30 v3.11 Key value format for package options (HO)

(/usr/local/texlive/2013/texmf-dist/tex/generic/oberdiek/kvsetkeys.sty
Package: kvsetkeys 2012/04/25 v1.16 Key value parser (HO)

(/usr/local/texlive/2013/texmf-dist/tex/generic/oberdiek/etexcmds.sty
Package: etexcmds 2011/02/16 v1.5 Avoid name clashes with e-TeX commands (HO)
Package etexcmds Info: Could not find \expanded.
(etexcmds)             That can mean that you are not using pdfTeX 1.50 or
(etexcmds)             that some package has redefined \expanded.
(etexcmds)             In the latter case, load this package earlier.
)))
Package grfext Info: Graphics extension search list:
(grfext)             [.png,.pdf,.jpg,.mps,.jpeg,.jbig2,.jb2,.PNG,.PDF,.JPG,.JPE
G,.JBIG2,.JB2,.eps]
(grfext)             \AppendGraphicsExtensions on input line 452.

(/usr/local/texlive/2013/texmf-dist/tex/latex/latexconfig/epstopdf-sys.cfg
File: epstopdf-sys.cfg 2010/07/13 v1.3 Configuration of (r)epstopdf for TeX Liv
e
))
\c@lstlisting=\count114
LaTeX Font Info:    Try loading font information for OML+cmr on input line 39.

(/usr/local/texlive/2013/texmf-dist/tex/latex/base/omlcmr.fd
File: omlcmr.fd 1999/05/25 v2.5h Standard LaTeX font definitions
)
LaTeX Font Info:    Font shape `OML/cmr/m/n' in size <10> not available
(Font)              Font shape `OML/cmm/m/it' tried instead on input line 39.
 [1

{/usr/local/texlive/2013/texmf-var/fonts/map/pdftex/updmap/pdftex.map}]
LaTeX Font Info:    Try loading font information for OMS+cmr on input line 47.

(/usr/local/texlive/2013/texmf-dist/tex/latex/base/omscmr.fd
File: omscmr.fd 1999/05/25 v2.5h Standard LaTeX font definitions
)
LaTeX Font Info:    Font shape `OMS/cmr/m/n' in size <10> not available
(Font)              Font shape `OMS/cmsy/m/n' tried instead on input line 47.

Overfull \hbox (45.00397pt too wide) in paragraph at lines 55--56
[][][][][][][][][][][][][][][][][][][][][][][][][][][][] 
 []


Overfull \hbox (57.00409pt too wide) in paragraph at lines 76--77
[][][][][][][][][][][][][][][][][][][][][][] 
 []


Overfull \hbox (3.00354pt too wide) in paragraph at lines 84--85
[][][][][][][][][][][][][][][][][][][][][][][] 
 []

[2]
Overfull \hbox (15.00366pt too wide) in paragraph at lines 101--102
[][][][][][][][][][][][][][][][][][][][][][][][] 
 []


Overfull \hbox (3.00354pt too wide) in paragraph at lines 120--122
[][][][][][][][][][][][][][][][][][][][] 
 []

[3] [4] [5]
Overfull \hbox (57.00409pt too wide) in paragraph at lines 254--255
[][][][][][][][][][][][][][][][][][][][][][][][][][][][][][][] 
 []

Package epstopdf Info: Source file: <errorfunction.eps>
(epstopdf)                    date: 2015-05-07 02:28:00
(epstopdf)                    size: 201168 bytes
(epstopdf)             Output file: <errorfunction-eps-converted-to.pdf>
(epstopdf)                    date: 2015-05-07 02:29:38
(epstopdf)                    size: 34276 bytes
(epstopdf)             Command: <repstopdf --outfile=errorfunction-eps-converte
d-to.pdf errorfunction.eps>
(epstopdf)             \includegraphics on input line 268.
Package epstopdf Info: Output file is already uptodate.
<errorfunction-eps-converted-to.pdf, id=29, 849.1725pt x 596.2275pt>
File: errorfunction-eps-converted-to.pdf Graphic file (type pdf)

<use errorfunction-eps-converted-to.pdf>
Package pdftex.def Info: errorfunction-eps-converted-to.pdf used on input line 
268.
(pdftex.def)             Requested size: 339.66878pt x 238.48677pt.
 [6]
Package epstopdf Info: Source file: <output_exp.eps>
(epstopdf)                    date: 2015-05-08 02:02:56
(epstopdf)                    size: 79361 bytes
(epstopdf)             Output file: <output_exp-eps-converted-to.pdf>
(epstopdf)                    date: 2015-05-08 02:07:28
(epstopdf)                    size: 19990 bytes
(epstopdf)             Command: <repstopdf --outfile=output_exp-eps-converted-t
o.pdf output_exp.eps>
(epstopdf)             \includegraphics on input line 288.
Package epstopdf Info: Output file is already uptodate.

<output_exp-eps-converted-to.pdf, id=33, 849.1725pt x 596.2275pt>
File: output_exp-eps-converted-to.pdf Graphic file (type pdf)

<use output_exp-eps-converted-to.pdf>
Package pdftex.def Info: output_exp-eps-converted-to.pdf used on input line 288
.
(pdftex.def)             Requested size: 169.0519pt x 118.69753pt.
Package epstopdf Info: Source file: <asol.eps>
(epstopdf)                    date: 2015-05-08 02:01:33
(epstopdf)                    size: 41556 bytes
(epstopdf)             Output file: <asol-eps-converted-to.pdf>
(epstopdf)                    date: 2015-05-08 02:07:29
(epstopdf)                    size: 11689 bytes
(epstopdf)             Command: <repstopdf --outfile=asol-eps-converted-to.pdf 
asol.eps>
(epstopdf)             \includegraphics on input line 289.
Package epstopdf Info: Output file is already uptodate.

<asol-eps-converted-to.pdf, id=34, 849.1725pt x 596.2275pt>
File: asol-eps-converted-to.pdf Graphic file (type pdf)

<use asol-eps-converted-to.pdf>
Package pdftex.def Info: asol-eps-converted-to.pdf used on input line 289.
(pdftex.def)             Requested size: 169.0519pt x 118.69753pt.
Package epstopdf Info: Source file: <output_cos.eps>
(epstopdf)                    date: 2015-05-08 01:59:05
(epstopdf)                    size: 71138 bytes
(epstopdf)             Output file: <output_cos-eps-converted-to.pdf>
(epstopdf)                    date: 2015-05-08 02:20:56
(epstopdf)                    size: 18113 bytes
(epstopdf)             Command: <repstopdf --outfile=output_cos-eps-converted-t
o.pdf output_cos.eps>
(epstopdf)             \includegraphics on input line 295.
Package epstopdf Info: Output file is already uptodate.

<output_cos-eps-converted-to.pdf, id=35, 849.1725pt x 596.2275pt>
File: output_cos-eps-converted-to.pdf Graphic file (type pdf)

<use output_cos-eps-converted-to.pdf>
Package pdftex.def Info: output_cos-eps-converted-to.pdf used on input line 295
.
(pdftex.def)             Requested size: 169.0519pt x 118.69753pt.
Package epstopdf Info: Source file: <as_cos.eps>
(epstopdf)                    date: 2015-05-08 02:28:08
(epstopdf)                    size: 62661 bytes
(epstopdf)             Output file: <as_cos-eps-converted-to.pdf>
(epstopdf)                    date: 2015-05-08 02:28:23
(epstopdf)                    size: 17742 bytes
(epstopdf)             Command: <repstopdf --outfile=as_cos-eps-converted-to.pd
f as_cos.eps>
(epstopdf)             \includegraphics on input line 296.
Package epstopdf Info: Output file is already uptodate.

<as_cos-eps-converted-to.pdf, id=36, 849.1725pt x 596.2275pt>
File: as_cos-eps-converted-to.pdf Graphic file (type pdf)

<use as_cos-eps-converted-to.pdf>
Package pdftex.def Info: as_cos-eps-converted-to.pdf used on input line 296.
(pdftex.def)             Requested size: 169.0519pt x 118.69753pt.
 [7 <./errorfunction-eps-converted-to.pdf>]
[8] [9]
Overfull \hbox (3.00354pt too wide) in paragraph at lines 434--435
[][][][][][][][][][][][] 
 []


Overfull \hbox (33.00385pt too wide) in paragraph at lines 435--436
[][][][][][][][][][][][][][][][][][][][][][][][] 
 []

./project1.tex:452: Extra alignment tab has been changed to \cr.
<recently read> \endtemplate 
                             
l.452     0.482739 &
                     \\  %?????
? 
./project1.tex:453: Extra alignment tab has been changed to \cr.
<recently read> \endtemplate 
                             
l.453     0.546963 &
                     \\  %?????
? 
./project1.tex:454: Extra alignment tab has been changed to \cr.
<recently read> \endtemplate 
                             
l.454     0.683955 &
                     \\
? 
./project1.tex:458: Extra alignment tab has been changed to \cr.
<recently read> \endtemplate 
                             
l.458     0.765677 &
                     \\  %?????
? 
./project1.tex:459: Extra alignment tab has been changed to \cr.
<recently read> \endtemplate 
                             
l.459     0.115485 &
                     \\  %?????
? 
./project1.tex:460: Extra alignment tab has been changed to \cr.
<recently read> \endtemplate 
                             
l.460     -0.632774 &
                      \\
? 
./project1.tex:464: Extra alignment tab has been changed to \cr.
<recently read> \endtemplate 
                             
l.464     0.42509 &
                    \\  %?????
? 
./project1.tex:465: Extra alignment tab has been changed to \cr.
<recently read> \endtemplate 
                             
l.465     -0.829153 &
                      \\  %?????
? 
./project1.tex:466: Extra alignment tab has been changed to \cr.
<recently read> \endtemplate 
                             
l.466     0.363048 &
                     \\
? 

Overfull \hbox (10.83394pt too wide) detected at line 469
\OT1/cmr/m/n/10 7\OML/cmm/m/it/10 :\OT1/cmr/m/n/10 51654\OML/cmm/m/it/10 ; [] \
OT1/cmr/m/n/10 ; \OMS/cmsy/m/n/10 ^^@\OT1/cmr/m/n/10 1\OML/cmm/m/it/10 :\OT1/cm
r/m/n/10 17762\OML/cmm/m/it/10 ; [] \OT1/cmr/m/n/10 ; \OMS/cmsy/m/n/10 ^^@\OT1/
cmr/m/n/10 0\OML/cmm/m/it/10 :\OT1/cmr/m/n/10 338922\OML/cmm/m/it/10 ; []
 []

[10] [11]
Overfull \hbox (21.00372pt too wide) in paragraph at lines 526--527
[][][][][][][][][][][][][][][][][][][][][] 
 []

Package epstopdf Info: Source file: <m_generator_time2_det.eps>
(epstopdf)                    date: 2015-05-05 12:04:30
(epstopdf)                    size: 88906 bytes
(epstopdf)             Output file: <m_generator_time2_det-eps-converted-to.pdf
>
(epstopdf)                    date: 2015-05-08 03:20:59
(epstopdf)                    size: 23576 bytes
(epstopdf)             Command: <repstopdf --outfile=m_generator_time2_det-eps-
converted-to.pdf m_generator_time2_det.eps>
(epstopdf)             \includegraphics on input line 542.
Package epstopdf Info: Output file is already uptodate.
<m_generator_time2_det-eps-converted-to.pdf, id=58, 849.1725pt x 596.2275pt>
File: m_generator_time2_det-eps-converted-to.pdf Graphic file (type pdf)

<use m_generator_time2_det-eps-converted-to.pdf>
Package pdftex.def Info: m_generator_time2_det-eps-converted-to.pdf used on inp
ut line 542.
(pdftex.def)             Requested size: 345.0pt x 242.23502pt.
Package epstopdf Info: Source file: <m_generator_time_log.eps>
(epstopdf)                    date: 2015-05-08 13:42:06
(epstopdf)                    size: 75636 bytes
(epstopdf)             Output file: <m_generator_time_log-eps-converted-to.pdf>

(epstopdf)                    date: 2015-05-08 14:02:58
(epstopdf)                    size: 20364 bytes
(epstopdf)             Command: <repstopdf --outfile=m_generator_time_log-eps-c
onverted-to.pdf m_generator_time_log.eps>
(epstopdf)             \includegraphics on input line 549.
Package epstopdf Info: Output file is already uptodate.

<m_generator_time_log-eps-converted-to.pdf, id=59, 849.1725pt x 596.2275pt>
File: m_generator_time_log-eps-converted-to.pdf Graphic file (type pdf)

<use m_generator_time_log-eps-converted-to.pdf>
Package pdftex.def Info: m_generator_time_log-eps-converted-to.pdf used on inpu
t line 549.
(pdftex.def)             Requested size: 345.0pt x 242.23502pt.
 [12] [13 <./output_exp-eps-converted-to.pdf> <./asol-eps-converted-to.pdf> <./
output_cos-eps-converted-to.pdf> <./as_cos-eps-converted-to.pdf>] [14 <./m_gene
rator_time2_det-eps-converted-to.pdf>] [15 <./m_generator_time_log-eps-converte
d-to.pdf>] (./project1.aux) ) 
Here is how much of TeX's memory you used:
 3360 strings out of 493315
 47681 string characters out of 6137904
 133561 words of memory out of 5000000
 6778 multiletter control sequences out of 15000+600000
 9322 words of font info for 34 fonts, out of 8000000 for 9000
 957 hyphenation exceptions out of 8191
 38i,8n,32p,726b,1397s stack positions out of 5000i,500n,10000p,200000b,80000s
</usr/local/texlive/2013/texmf-dist/fonts/type1/pu
blic/amsfonts/cm/cmbx12.pfb></usr/local/texlive/2013/texmf-dist/fonts/type1/pub
lic/amsfonts/cm/cmbx9.pfb></usr/local/texlive/2013/texmf-dist/fonts/type1/publi
c/amsfonts/cm/cmex10.pfb></usr/local/texlive/2013/texmf-dist/fonts/type1/public
/amsfonts/cm/cmmi10.pfb></usr/local/texlive/2013/texmf-dist/fonts/type1/public/
amsfonts/cm/cmmi7.pfb></usr/local/texlive/2013/texmf-dist/fonts/type1/public/am
sfonts/cm/cmr10.pfb></usr/local/texlive/2013/texmf-dist/fonts/type1/public/amsf
onts/cm/cmr12.pfb></usr/local/texlive/2013/texmf-dist/fonts/type1/public/amsfon
ts/cm/cmr17.pfb></usr/local/texlive/2013/texmf-dist/fonts/type1/public/amsfonts
/cm/cmr5.pfb></usr/local/texlive/2013/texmf-dist/fonts/type1/public/amsfonts/cm
/cmr7.pfb></usr/local/texlive/2013/texmf-dist/fonts/type1/public/amsfonts/cm/cm
r9.pfb></usr/local/texlive/2013/texmf-dist/fonts/type1/public/amsfonts/cm/cmsy1
0.pfb></usr/local/texlive/2013/texmf-dist/fonts/type1/public/amsfonts/cm/cmsy7.
pfb>
Output written on project1.pdf (15 pages, 298091 bytes).
PDF statistics:
 133 PDF objects out of 1000 (max. 8388607)
 95 compressed objects within 1 object stream
 0 named destinations out of 1000 (max. 500000)
 36 words of extra memory for PDF output out of 10000 (max. 10000000)

