This is pdfTeX, Version 3.1415926-2.5-1.40.14 (TeX Live 2013) (format=pdflatex 2013.5.30)  8 MAY 2015 16:42
entering extended mode
 restricted \write18 enabled.
 file:line:error style messages enabled.
 %&-line parsing enabled.
**project1.tex
(./project1.tex
LaTeX2e <2011/06/27>
Babel <3.9f> and hyphenation patterns for 78 languages loaded.
(/usr/local/texlive/2013/texmf-dist/tex/latex/base/article.cls
Document Class: article 2007/10/19 v1.4h Standard LaTeX document class
(/usr/local/texlive/2013/texmf-dist/tex/latex/base/size10.clo
File: size10.clo 2007/10/19 v1.4h Standard LaTeX file (size option)
)
\c@part=\count79
\c@section=\count80
\c@subsection=\count81
\c@subsubsection=\count82
\c@paragraph=\count83
\c@subparagraph=\count84
\c@figure=\count85
\c@table=\count86
\abovecaptionskip=\skip41
\belowcaptionskip=\skip42
\bibindent=\dimen102
)
(/usr/local/texlive/2013/texmf-dist/tex/latex/graphics/graphicx.sty
Package: graphicx 1999/02/16 v1.0f Enhanced LaTeX Graphics (DPC,SPQR)

(/usr/local/texlive/2013/texmf-dist/tex/latex/graphics/keyval.sty
Package: keyval 1999/03/16 v1.13 key=value parser (DPC)
\KV@toks@=\toks14
)
(/usr/local/texlive/2013/texmf-dist/tex/latex/graphics/graphics.sty
Package: graphics 2009/02/05 v1.0o Standard LaTeX Graphics (DPC,SPQR)

(/usr/local/texlive/2013/texmf-dist/tex/latex/graphics/trig.sty
Package: trig 1999/03/16 v1.09 sin cos tan (DPC)
)
(/usr/local/texlive/2013/texmf-dist/tex/latex/latexconfig/graphics.cfg
File: graphics.cfg 2010/04/23 v1.9 graphics configuration of TeX Live
)
Package graphics Info: Driver file: pdftex.def on input line 91.

(/usr/local/texlive/2013/texmf-dist/tex/latex/pdftex-def/pdftex.def
File: pdftex.def 2011/05/27 v0.06d Graphics/color for pdfTeX

(/usr/local/texlive/2013/texmf-dist/tex/generic/oberdiek/infwarerr.sty
Package: infwarerr 2010/04/08 v1.3 Providing info/warning/error messages (HO)
)
(/usr/local/texlive/2013/texmf-dist/tex/generic/oberdiek/ltxcmds.sty
Package: ltxcmds 2011/11/09 v1.22 LaTeX kernel commands for general use (HO)
)
\Gread@gobject=\count87
))
\Gin@req@height=\dimen103
\Gin@req@width=\dimen104
)
(/usr/local/texlive/2013/texmf-dist/tex/latex/listings/listings.sty
\lst@mode=\count88
\lst@gtempboxa=\box26
\lst@token=\toks15
\lst@length=\count89
\lst@currlwidth=\dimen105
\lst@column=\count90
\lst@pos=\count91
\lst@lostspace=\dimen106
\lst@width=\dimen107
\lst@newlines=\count92
\lst@lineno=\count93
\lst@maxwidth=\dimen108

(/usr/local/texlive/2013/texmf-dist/tex/latex/listings/lstmisc.sty
File: lstmisc.sty 2007/02/22 1.4 (Carsten Heinz)
\c@lstnumber=\count94
\lst@skipnumbers=\count95
\lst@framebox=\box27
)
(/usr/local/texlive/2013/texmf-dist/tex/latex/listings/listings.cfg
File: listings.cfg 2007/02/22 1.4 listings configuration
))
Package: listings 2007/02/22 1.4 (Carsten Heinz)

(/usr/local/texlive/2013/texmf-dist/tex/latex/amsmath/amsmath.sty
Package: amsmath 2013/01/14 v2.14 AMS math features
\@mathmargin=\skip43

For additional information on amsmath, use the `?' option.
(/usr/local/texlive/2013/texmf-dist/tex/latex/amsmath/amstext.sty
Package: amstext 2000/06/29 v2.01

(/usr/local/texlive/2013/texmf-dist/tex/latex/amsmath/amsgen.sty
File: amsgen.sty 1999/11/30 v2.0
\@emptytoks=\toks16
\ex@=\dimen109
))
(/usr/local/texlive/2013/texmf-dist/tex/latex/amsmath/amsbsy.sty
Package: amsbsy 1999/11/29 v1.2d
\pmbraise@=\dimen110
)
(/usr/local/texlive/2013/texmf-dist/tex/latex/amsmath/amsopn.sty
Package: amsopn 1999/12/14 v2.01 operator names
)
\inf@bad=\count96
LaTeX Info: Redefining \frac on input line 210.
\uproot@=\count97
\leftroot@=\count98
LaTeX Info: Redefining \overline on input line 306.
\classnum@=\count99
\DOTSCASE@=\count100
LaTeX Info: Redefining \ldots on input line 378.
LaTeX Info: Redefining \dots on input line 381.
LaTeX Info: Redefining \cdots on input line 466.
\Mathstrutbox@=\box28
\strutbox@=\box29
\big@size=\dimen111
LaTeX Font Info:    Redeclaring font encoding OML on input line 566.
LaTeX Font Info:    Redeclaring font encoding OMS on input line 567.
\macc@depth=\count101
\c@MaxMatrixCols=\count102
\dotsspace@=\muskip10
\c@parentequation=\count103
\dspbrk@lvl=\count104
\tag@help=\toks17
\row@=\count105
\column@=\count106
\maxfields@=\count107
\andhelp@=\toks18
\eqnshift@=\dimen112
\alignsep@=\dimen113
\tagshift@=\dimen114
\tagwidth@=\dimen115
\totwidth@=\dimen116
\lineht@=\dimen117
\@envbody=\toks19
\multlinegap=\skip44
\multlinetaggap=\skip45
\mathdisplay@stack=\toks20
LaTeX Info: Redefining \[ on input line 2665.
LaTeX Info: Redefining \] on input line 2666.
)
(./project1.aux)
\openout1 = `project1.aux'.

LaTeX Font Info:    Checking defaults for OML/cmm/m/it on input line 10.
LaTeX Font Info:    ... okay on input line 10.
LaTeX Font Info:    Checking defaults for T1/cmr/m/n on input line 10.
LaTeX Font Info:    ... okay on input line 10.
LaTeX Font Info:    Checking defaults for OT1/cmr/m/n on input line 10.
LaTeX Font Info:    ... okay on input line 10.
LaTeX Font Info:    Checking defaults for OMS/cmsy/m/n on input line 10.
LaTeX Font Info:    ... okay on input line 10.
LaTeX Font Info:    Checking defaults for OMX/cmex/m/n on input line 10.
LaTeX Font Info:    ... okay on input line 10.
LaTeX Font Info:    Checking defaults for U/cmr/m/n on input line 10.
LaTeX Font Info:    ... okay on input line 10.

(/usr/local/texlive/2013/texmf-dist/tex/context/base/supp-pdf.mkii
[Loading MPS to PDF converter (version 2006.09.02).]
\scratchcounter=\count108
\scratchdimen=\dimen118
\scratchbox=\box30
\nofMPsegments=\count109
\nofMParguments=\count110
\everyMPshowfont=\toks21
\MPscratchCnt=\count111
\MPscratchDim=\dimen119
\MPnumerator=\count112
\makeMPintoPDFobject=\count113
\everyMPtoPDFconversion=\toks22
) (/usr/local/texlive/2013/texmf-dist/tex/generic/oberdiek/pdftexcmds.sty
Package: pdftexcmds 2011/11/29 v0.20 Utility functions of pdfTeX for LuaTeX (HO
)

(/usr/local/texlive/2013/texmf-dist/tex/generic/oberdiek/ifluatex.sty
Package: ifluatex 2010/03/01 v1.3 Provides the ifluatex switch (HO)
Package ifluatex Info: LuaTeX not detected.
)
(/usr/local/texlive/2013/texmf-dist/tex/generic/oberdiek/ifpdf.sty
Package: ifpdf 2011/01/30 v2.3 Provides the ifpdf switch (HO)
Package ifpdf Info: pdfTeX in PDF mode is detected.
)
Package pdftexcmds Info: LuaTeX not detected.
Package pdftexcmds Info: \pdf@primitive is available.
Package pdftexcmds Info: \pdf@ifprimitive is available.
Package pdftexcmds Info: \pdfdraftmode found.
)
(/usr/local/texlive/2013/texmf-dist/tex/latex/oberdiek/epstopdf-base.sty
Package: epstopdf-base 2010/02/09 v2.5 Base part for package epstopdf

(/usr/local/texlive/2013/texmf-dist/tex/latex/oberdiek/grfext.sty
Package: grfext 2010/08/19 v1.1 Manage graphics extensions (HO)

(/usr/local/texlive/2013/texmf-dist/tex/generic/oberdiek/kvdefinekeys.sty
Package: kvdefinekeys 2011/04/07 v1.3 Define keys (HO)
))
(/usr/local/texlive/2013/texmf-dist/tex/latex/oberdiek/kvoptions.sty
Package: kvoptions 2011/06/30 v3.11 Key value format for package options (HO)

(/usr/local/texlive/2013/texmf-dist/tex/generic/oberdiek/kvsetkeys.sty
Package: kvsetkeys 2012/04/25 v1.16 Key value parser (HO)

(/usr/local/texlive/2013/texmf-dist/tex/generic/oberdiek/etexcmds.sty
Package: etexcmds 2011/02/16 v1.5 Avoid name clashes with e-TeX commands (HO)
Package etexcmds Info: Could not find \expanded.
(etexcmds)             That can mean that you are not using pdfTeX 1.50 or
(etexcmds)             that some package has redefined \expanded.
(etexcmds)             In the latter case, load this package earlier.
)))
Package grfext Info: Graphics extension search list:
(grfext)             [.png,.pdf,.jpg,.mps,.jpeg,.jbig2,.jb2,.PNG,.PDF,.JPG,.JPE
G,.JBIG2,.JB2,.eps]
(grfext)             \AppendGraphicsExtensions on input line 452.

(/usr/local/texlive/2013/texmf-dist/tex/latex/latexconfig/epstopdf-sys.cfg
File: epstopdf-sys.cfg 2010/07/13 v1.3 Configuration of (r)epstopdf for TeX Liv
e
))
\c@lstlisting=\count114

[1

{/usr/local/texlive/2013/texmf-var/fonts/map/pdftex/updmap/pdftex.map}]
LaTeX Font Info:    Try loading font information for OML+cmr on input line 63.

(/usr/local/texlive/2013/texmf-dist/tex/latex/base/omlcmr.fd
File: omlcmr.fd 1999/05/25 v2.5h Standard LaTeX font definitions
)
LaTeX Font Info:    Font shape `OML/cmr/m/n' in size <10> not available
(Font)              Font shape `OML/cmm/m/it' tried instead on input line 63.
LaTeX Font Info:    Try loading font information for OMS+cmr on input line 71.

(/usr/local/texlive/2013/texmf-dist/tex/latex/base/omscmr.fd
File: omscmr.fd 1999/05/25 v2.5h Standard LaTeX font definitions
)
LaTeX Font Info:    Font shape `OMS/cmr/m/n' in size <10> not available
(Font)              Font shape `OMS/cmsy/m/n' tried instead on input line 71.
 [2]
Overfull \hbox (21.00372pt too wide) in paragraph at lines 109--110
[][][][][][][][][][][][][][][][][][][][][] 
 []


Overfull \hbox (3.00354pt too wide) in paragraph at lines 110--111
[][][][][][][][][][][][][][][][][][][][][][][][][][][] 
 []

Package epstopdf Info: Source file: <ground_num.eps>
(epstopdf)                    date: 2015-05-08 15:14:33
(epstopdf)                    size: 63903 bytes
(epstopdf)             Output file: <ground_num-eps-converted-to.pdf>
(epstopdf)                    date: 2015-05-08 15:21:10
(epstopdf)                    size: 16297 bytes
(epstopdf)             Command: <repstopdf --outfile=ground_num-eps-converted-t
o.pdf ground_num.eps>
(epstopdf)             \includegraphics on input line 126.
Package epstopdf Info: Output file is already uptodate.
<ground_num-eps-converted-to.pdf, id=21, 849.1725pt x 596.2275pt>
File: ground_num-eps-converted-to.pdf Graphic file (type pdf)

<use ground_num-eps-converted-to.pdf>
Package pdftex.def Info: ground_num-eps-converted-to.pdf used on input line 126
.
(pdftex.def)             Requested size: 166.2212pt x 116.70512pt.
Package epstopdf Info: Source file: <ground_asol.eps>
(epstopdf)                    date: 2015-05-08 15:11:18
(epstopdf)                    size: 63457 bytes
(epstopdf)             Output file: <ground_asol-eps-converted-to.pdf>
(epstopdf)                    date: 2015-05-08 15:21:11
(epstopdf)                    size: 17027 bytes
(epstopdf)             Command: <repstopdf --outfile=ground_asol-eps-converted-
to.pdf ground_asol.eps>
(epstopdf)             \includegraphics on input line 127.
Package epstopdf Info: Output file is already uptodate.

<ground_asol-eps-converted-to.pdf, id=22, 849.1725pt x 596.2275pt>
File: ground_asol-eps-converted-to.pdf Graphic file (type pdf)

<use ground_asol-eps-converted-to.pdf>
Package pdftex.def Info: ground_asol-eps-converted-to.pdf used on input line 12
7.
(pdftex.def)             Requested size: 166.2212pt x 116.70512pt.
Package epstopdf Info: Source file: <1st_num.eps>
(epstopdf)                    date: 2015-05-08 15:15:31
(epstopdf)                    size: 64636 bytes
(epstopdf)             Output file: <1st_num-eps-converted-to.pdf>
(epstopdf)                    date: 2015-05-08 15:24:59
(epstopdf)                    size: 16436 bytes
(epstopdf)             Command: <repstopdf --outfile=1st_num-eps-converted-to.p
df 1st_num.eps>
(epstopdf)             \includegraphics on input line 133.
Package epstopdf Info: Output file is already uptodate.

<1st_num-eps-converted-to.pdf, id=23, 849.1725pt x 596.2275pt>
File: 1st_num-eps-converted-to.pdf Graphic file (type pdf)

<use 1st_num-eps-converted-to.pdf>
Package pdftex.def Info: 1st_num-eps-converted-to.pdf used on input line 133.
(pdftex.def)             Requested size: 166.2212pt x 116.70512pt.
Package epstopdf Info: Source file: <1st_asol.eps>
(epstopdf)                    date: 2015-05-08 15:17:23
(epstopdf)                    size: 53463 bytes
(epstopdf)             Output file: <1st_asol-eps-converted-to.pdf>
(epstopdf)                    date: 2015-05-08 15:25:00
(epstopdf)                    size: 14477 bytes
(epstopdf)             Command: <repstopdf --outfile=1st_asol-eps-converted-to.
pdf 1st_asol.eps>
(epstopdf)             \includegraphics on input line 134.
Package epstopdf Info: Output file is already uptodate.

<1st_asol-eps-converted-to.pdf, id=24, 849.1725pt x 596.2275pt>
File: 1st_asol-eps-converted-to.pdf Graphic file (type pdf)

<use 1st_asol-eps-converted-to.pdf>
Package pdftex.def Info: 1st_asol-eps-converted-to.pdf used on input line 134.
(pdftex.def)             Requested size: 166.2212pt x 116.70512pt.
Package epstopdf Info: Source file: <e0.eps>
(epstopdf)                    date: 2015-05-08 16:07:15
(epstopdf)                    size: 79281 bytes
(epstopdf)             Output file: <e0-eps-converted-to.pdf>
(epstopdf)                    date: 2015-05-08 16:13:03
(epstopdf)                    size: 19445 bytes
(epstopdf)             Command: <repstopdf --outfile=e0-eps-converted-to.pdf e0
.eps>
(epstopdf)             \includegraphics on input line 143.
Package epstopdf Info: Output file is already uptodate.

<e0-eps-converted-to.pdf, id=25, 849.1725pt x 596.2275pt>
File: e0-eps-converted-to.pdf Graphic file (type pdf)

<use e0-eps-converted-to.pdf>
Package pdftex.def Info: e0-eps-converted-to.pdf used on input line 143.
(pdftex.def)             Requested size: 108.405pt x 76.11125pt.
Package epstopdf Info: Source file: <ground_num.eps>
(epstopdf)                    date: 2015-05-08 15:14:33
(epstopdf)                    size: 63903 bytes
(epstopdf)             Output file: <ground_num-eps-converted-to.pdf>
(epstopdf)                    date: 2015-05-08 15:21:10
(epstopdf)                    size: 16297 bytes
(epstopdf)             Command: <repstopdf --outfile=ground_num-eps-converted-t
o.pdf ground_num.eps>
(epstopdf)             \includegraphics on input line 144.
Package epstopdf Info: Output file is already uptodate.
File: ground_num-eps-converted-to.pdf Graphic file (type pdf)
 <use ground_num-eps-converted-to.pdf>
Package pdftex.def Info: ground_num-eps-converted-to.pdf used on input line 144
.
(pdftex.def)             Requested size: 108.405pt x 76.11125pt.
Package epstopdf Info: Source file: <e1.eps>
(epstopdf)                    date: 2015-05-08 16:06:57
(epstopdf)                    size: 99066 bytes
(epstopdf)             Output file: <e1-eps-converted-to.pdf>
(epstopdf)                    date: 2015-05-08 16:13:05
(epstopdf)                    size: 23995 bytes
(epstopdf)             Command: <repstopdf --outfile=e1-eps-converted-to.pdf e1
.eps>
(epstopdf)             \includegraphics on input line 145.
Package epstopdf Info: Output file is already uptodate.

<e1-eps-converted-to.pdf, id=26, 849.1725pt x 596.2275pt>
File: e1-eps-converted-to.pdf Graphic file (type pdf)

<use e1-eps-converted-to.pdf>
Package pdftex.def Info: e1-eps-converted-to.pdf used on input line 145.
(pdftex.def)             Requested size: 108.405pt x 76.11125pt.
 [3 <./ground_num-eps-converted-to.pdf> <./ground_asol-eps-converted-to.pdf>]
Package epstopdf Info: Source file: <largex.eps>
(epstopdf)                    date: 2015-05-08 15:54:39
(epstopdf)                    size: 82532 bytes
(epstopdf)             Output file: <largex-eps-converted-to.pdf>
(epstopdf)                    date: 2015-05-08 16:33:11
(epstopdf)                    size: 20412 bytes
(epstopdf)             Command: <repstopdf --outfile=largex-eps-converted-to.pd
f largex.eps>
(epstopdf)             \includegraphics on input line 153.
Package epstopdf Info: Output file is already uptodate.

<largex-eps-converted-to.pdf, id=36, 849.1725pt x 596.2275pt>
File: largex-eps-converted-to.pdf Graphic file (type pdf)

<use largex-eps-converted-to.pdf>
Package pdftex.def Info: largex-eps-converted-to.pdf used on input line 153.
(pdftex.def)             Requested size: 166.2212pt x 116.70512pt.
Package epstopdf Info: Source file: <ground_num.eps>
(epstopdf)                    date: 2015-05-08 15:14:33
(epstopdf)                    size: 63903 bytes
(epstopdf)             Output file: <ground_num-eps-converted-to.pdf>
(epstopdf)                    date: 2015-05-08 15:21:10
(epstopdf)                    size: 16297 bytes
(epstopdf)             Command: <repstopdf --outfile=ground_num-eps-converted-t
o.pdf ground_num.eps>
(epstopdf)             \includegraphics on input line 154.
Package epstopdf Info: Output file is already uptodate.
File: ground_num-eps-converted-to.pdf Graphic file (type pdf)
 <use ground_num-eps-converted-to.pdf>
Package pdftex.def Info: ground_num-eps-converted-to.pdf used on input line 154
.
(pdftex.def)             Requested size: 166.2212pt x 116.70512pt.
Package epstopdf Info: Source file: <n=1.eps>
(epstopdf)                    date: 2015-05-08 01:00:12
(epstopdf)                    size: 72998 bytes
(epstopdf)             Output file: <n=1-eps-converted-to.pdf>
(epstopdf)                    date: 2015-05-08 16:39:12
(epstopdf)                    size: 18558 bytes
(epstopdf)             Command: <repstopdf --outfile=n=1-eps-converted-to.pdf n
=1.eps>
(epstopdf)             \includegraphics on input line 164.
Package epstopdf Info: Output file is already uptodate.

<n=1-eps-converted-to.pdf, id=37, 849.1725pt x 596.2275pt>
File: n=1-eps-converted-to.pdf Graphic file (type pdf)

<use n=1-eps-converted-to.pdf>
Package pdftex.def Info: n=1-eps-converted-to.pdf used on input line 164.
(pdftex.def)             Requested size: 108.405pt x 76.11125pt.
Package epstopdf Info: Source file: <n=2.eps>
(epstopdf)                    date: 2015-05-08 01:03:09
(epstopdf)                    size: 64268 bytes
(epstopdf)             Output file: <n=2-eps-converted-to.pdf>
(epstopdf)                    date: 2015-05-08 16:39:14
(epstopdf)                    size: 16226 bytes
(epstopdf)             Command: <repstopdf --outfile=n=2-eps-converted-to.pdf n
=2.eps>
(epstopdf)             \includegraphics on input line 165.
Package epstopdf Info: Output file is already uptodate.

<n=2-eps-converted-to.pdf, id=38, 849.1725pt x 596.2275pt>
File: n=2-eps-converted-to.pdf Graphic file (type pdf)

<use n=2-eps-converted-to.pdf>
Package pdftex.def Info: n=2-eps-converted-to.pdf used on input line 165.
(pdftex.def)             Requested size: 108.405pt x 76.11125pt.
Package epstopdf Info: Source file: <n=3.eps>
(epstopdf)                    date: 2015-05-08 01:01:29
(epstopdf)                    size: 77008 bytes
(epstopdf)             Output file: <n=3-eps-converted-to.pdf>
(epstopdf)                    date: 2015-05-08 16:39:15
(epstopdf)                    size: 19532 bytes
(epstopdf)             Command: <repstopdf --outfile=n=3-eps-converted-to.pdf n
=3.eps>
(epstopdf)             \includegraphics on input line 166.
Package epstopdf Info: Output file is already uptodate.

<n=3-eps-converted-to.pdf, id=39, 849.1725pt x 596.2275pt>
File: n=3-eps-converted-to.pdf Graphic file (type pdf)

<use n=3-eps-converted-to.pdf>
Package pdftex.def Info: n=3-eps-converted-to.pdf used on input line 166.
(pdftex.def)             Requested size: 108.405pt x 76.11125pt.
 [4 <./1st_num-eps-converted-to.pdf> <./1st_asol-eps-converted-to.pdf> <./e0-ep
s-converted-to.pdf> <./e1-eps-converted-to.pdf>]
[5 <./largex-eps-converted-to.pdf> <./n=1-eps-converted-to.pdf> <./n=2-eps-conv
erted-to.pdf> <./n=3-eps-converted-to.pdf>] (./project1.aux) ) 
Here is how much of TeX's memory you used:
 3373 strings out of 493315
 47858 string characters out of 6137904
 125549 words of memory out of 5000000
 6788 multiletter control sequences out of 15000+600000
 9322 words of font info for 34 fonts, out of 8000000 for 9000
 957 hyphenation exceptions out of 8191
 38i,6n,32p,322b,1389s stack positions out of 5000i,500n,10000p,200000b,80000s
</usr/local/texli
ve/2013/texmf-dist/fonts/type1/public/amsfonts/cm/cmbx12.pfb></usr/local/texliv
e/2013/texmf-dist/fonts/type1/public/amsfonts/cm/cmbx9.pfb></usr/local/texlive/
2013/texmf-dist/fonts/type1/public/amsfonts/cm/cmex10.pfb></usr/local/texlive/2
013/texmf-dist/fonts/type1/public/amsfonts/cm/cmmi10.pfb></usr/local/texlive/20
13/texmf-dist/fonts/type1/public/amsfonts/cm/cmmi7.pfb></usr/local/texlive/2013
/texmf-dist/fonts/type1/public/amsfonts/cm/cmr10.pfb></usr/local/texlive/2013/t
exmf-dist/fonts/type1/public/amsfonts/cm/cmr12.pfb></usr/local/texlive/2013/tex
mf-dist/fonts/type1/public/amsfonts/cm/cmr17.pfb></usr/local/texlive/2013/texmf
-dist/fonts/type1/public/amsfonts/cm/cmr7.pfb></usr/local/texlive/2013/texmf-di
st/fonts/type1/public/amsfonts/cm/cmr9.pfb></usr/local/texlive/2013/texmf-dist/
fonts/type1/public/amsfonts/cm/cmsy10.pfb></usr/local/texlive/2013/texmf-dist/f
onts/type1/public/amsfonts/cm/cmsy7.pfb>
Output written on project1.pdf (5 pages, 296150 bytes).
PDF statistics:
 108 PDF objects out of 1000 (max. 8388607)
 78 compressed objects within 1 object stream
 0 named destinations out of 1000 (max. 500000)
 51 words of extra memory for PDF output out of 10000 (max. 10000000)

